2025-08-14 00:30:00 [[31MERROR[39M]: TypeError: Invalid URL
    at new URL (node:internal/url:818:25)
    at dispatchHttpRequest (C:\Users\SS COMP\Desktop\AgriBazaar\Backend\node_modules\axios\dist\node\axios.cjs:2842:20)
    at C:\Users\SS COMP\Desktop\AgriBazaar\Backend\node_modules\axios\dist\node\axios.cjs:2762:5
    at new Promise (<anonymous>)
    at wrapAsync (C:\Users\SS COMP\Desktop\AgriBazaar\Backend\node_modules\axios\dist\node\axios.cjs:2742:10)
    at http (C:\Users\SS COMP\Desktop\AgriBazaar\Backend\node_modules\axios\dist\node\axios.cjs:2780:10)
    at Axios.dispatchRequest (C:\Users\SS COMP\Desktop\AgriBazaar\Backend\node_modules\axios\dist\node\axios.cjs:4157:10)
    at Axios._request (C:\Users\SS COMP\Desktop\AgriBazaar\Backend\node_modules\axios\dist\node\axios.cjs:4457:33)
    at Axios.request (C:\Users\SS COMP\Desktop\AgriBazaar\Backend\node_modules\axios\dist\node\axios.cjs:4312:25)
    at Axios.httpMethod [as post] (C:\Users\SS COMP\Desktop\AgriBazaar\Backend\node_modules\axios\dist\node\axios.cjs:4496:19)
    at Axios.request (C:\Users\SS COMP\Desktop\AgriBazaar\Backend\node_modules\axios\dist\node\axios.cjs:4317:41)
    at process.processTicksAndRejections (node:internal/process/task_queues:105:5)
    at async cron.schedule.timezone (C:\Users\SS COMP\Desktop\AgriBazaar\Backend\jobs\escrowReleaseJob.js:15:30)
    at async Timeout._onTimeout (C:\Users\SS COMP\Desktop\AgriBazaar\Backend\node_modules\node-cron\dist\cjs\scheduler\runner.js:70:44)
2025-08-15 00:30:00 [[31MERROR[39M]: TypeError: Invalid URL
    at new URL (node:internal/url:818:25)
    at dispatchHttpRequest (C:\Users\SS COMP\Desktop\AgriBazaar\Backend\node_modules\axios\dist\node\axios.cjs:2842:20)
    at C:\Users\SS COMP\Desktop\AgriBazaar\Backend\node_modules\axios\dist\node\axios.cjs:2762:5
    at new Promise (<anonymous>)
    at wrapAsync (C:\Users\SS COMP\Desktop\AgriBazaar\Backend\node_modules\axios\dist\node\axios.cjs:2742:10)
    at http (C:\Users\SS COMP\Desktop\AgriBazaar\Backend\node_modules\axios\dist\node\axios.cjs:2780:10)
    at Axios.dispatchRequest (C:\Users\SS COMP\Desktop\AgriBazaar\Backend\node_modules\axios\dist\node\axios.cjs:4157:10)
    at Axios._request (C:\Users\SS COMP\Desktop\AgriBazaar\Backend\node_modules\axios\dist\node\axios.cjs:4457:33)
    at Axios.request (C:\Users\SS COMP\Desktop\AgriBazaar\Backend\node_modules\axios\dist\node\axios.cjs:4312:25)
    at Axios.httpMethod [as post] (C:\Users\SS COMP\Desktop\AgriBazaar\Backend\node_modules\axios\dist\node\axios.cjs:4496:19)
    at Axios.request (C:\Users\SS COMP\Desktop\AgriBazaar\Backend\node_modules\axios\dist\node\axios.cjs:4317:41)
    at process.processTicksAndRejections (node:internal/process/task_queues:105:5)
    at async cron.schedule.timezone (C:\Users\SS COMP\Desktop\AgriBazaar\Backend\jobs\escrowReleaseJob.js:15:30)
    at async Timeout._onTimeout (C:\Users\SS COMP\Desktop\AgriBazaar\Backend\node_modules\node-cron\dist\cjs\scheduler\runner.js:70:44)
2025-08-15 23:32:07 [[31MERROR[39M]: Error: listen EADDRINUSE: address already in use :::5000
    at Server.setupListenHandle [as _listen2] (node:net:1939:16)
    at listenInCluster (node:net:1996:12)
    at Server.listen (node:net:2101:7)
    at Function.listen (C:\Users\SS COMP\Downloads\AgriBazaar\Backend\node_modules\express\lib\application.js:635:24)
    at Object.<anonymous> (C:\Users\SS COMP\Downloads\AgriBazaar\Backend\index.js:149:20)
    at Module._compile (node:internal/modules/cjs/loader:1730:14)
    at Object..js (node:internal/modules/cjs/loader:1895:10)
    at Module.load (node:internal/modules/cjs/loader:1465:32)
    at Function._load (node:internal/modules/cjs/loader:1282:12)
    at TracingChannel.traceSync (node:diagnostics_channel:322:14)
2025-08-17 00:30:00 [[31MERROR[39M]: TypeError: Invalid URL
    at new URL (node:internal/url:818:25)
    at dispatchHttpRequest (C:\Users\SS COMP\Downloads\AgriBazaar\Backend\node_modules\axios\dist\node\axios.cjs:2842:20)
    at C:\Users\SS COMP\Downloads\AgriBazaar\Backend\node_modules\axios\dist\node\axios.cjs:2762:5
    at new Promise (<anonymous>)
    at wrapAsync (C:\Users\SS COMP\Downloads\AgriBazaar\Backend\node_modules\axios\dist\node\axios.cjs:2742:10)
    at http (C:\Users\SS COMP\Downloads\AgriBazaar\Backend\node_modules\axios\dist\node\axios.cjs:2780:10)
    at Axios.dispatchRequest (C:\Users\SS COMP\Downloads\AgriBazaar\Backend\node_modules\axios\dist\node\axios.cjs:4157:10)
    at Axios._request (C:\Users\SS COMP\Downloads\AgriBazaar\Backend\node_modules\axios\dist\node\axios.cjs:4457:33)
    at Axios.request (C:\Users\SS COMP\Downloads\AgriBazaar\Backend\node_modules\axios\dist\node\axios.cjs:4312:25)
    at Axios.httpMethod [as post] (C:\Users\SS COMP\Downloads\AgriBazaar\Backend\node_modules\axios\dist\node\axios.cjs:4496:19)
    at Axios.request (C:\Users\SS COMP\Downloads\AgriBazaar\Backend\node_modules\axios\dist\node\axios.cjs:4317:41)
    at process.processTicksAndRejections (node:internal/process/task_queues:105:5)
    at async cron.schedule.timezone (C:\Users\SS COMP\Downloads\AgriBazaar\Backend\jobs\escrowReleaseJob.js:15:30)
    at async Timeout._onTimeout (C:\Users\SS COMP\Downloads\AgriBazaar\Backend\node_modules\node-cron\dist\cjs\scheduler\runner.js:70:44)
2025-08-18 00:30:00 [[31MERROR[39M]: TypeError: Invalid URL
    at new URL (node:internal/url:818:25)
    at dispatchHttpRequest (C:\Users\SS COMP\Downloads\AgriBazaar\Backend\node_modules\axios\dist\node\axios.cjs:2842:20)
    at C:\Users\SS COMP\Downloads\AgriBazaar\Backend\node_modules\axios\dist\node\axios.cjs:2762:5
    at new Promise (<anonymous>)
    at wrapAsync (C:\Users\SS COMP\Downloads\AgriBazaar\Backend\node_modules\axios\dist\node\axios.cjs:2742:10)
    at http (C:\Users\SS COMP\Downloads\AgriBazaar\Backend\node_modules\axios\dist\node\axios.cjs:2780:10)
    at Axios.dispatchRequest (C:\Users\SS COMP\Downloads\AgriBazaar\Backend\node_modules\axios\dist\node\axios.cjs:4157:10)
    at Axios._request (C:\Users\SS COMP\Downloads\AgriBazaar\Backend\node_modules\axios\dist\node\axios.cjs:4457:33)
    at Axios.request (C:\Users\SS COMP\Downloads\AgriBazaar\Backend\node_modules\axios\dist\node\axios.cjs:4312:25)
    at Axios.httpMethod [as post] (C:\Users\SS COMP\Downloads\AgriBazaar\Backend\node_modules\axios\dist\node\axios.cjs:4496:19)
    at Axios.request (C:\Users\SS COMP\Downloads\AgriBazaar\Backend\node_modules\axios\dist\node\axios.cjs:4317:41)
    at process.processTicksAndRejections (node:internal/process/task_queues:105:5)
    at async cron.schedule.timezone (C:\Users\SS COMP\Downloads\AgriBazaar\Backend\jobs\escrowReleaseJob.js:15:30)
    at async Timeout._onTimeout (C:\Users\SS COMP\Downloads\AgriBazaar\Backend\node_modules\node-cron\dist\cjs\scheduler\runner.js:70:44)
2025-08-18 23:32:00 [[31MERROR[39M]: Error: Product already reviewed
    at C:\Users\SS COMP\Downloads\AgriBazaar\Backend\controllers\reviewController.js:26:15
    at process.processTicksAndRejections (node:internal/process/task_queues:105:5)
2025-08-19 00:30:00 [[31MERROR[39M]: TypeError: Invalid URL
    at new URL (node:internal/url:818:25)
    at dispatchHttpRequest (C:\Users\SS COMP\Downloads\AgriBazaar\Backend\node_modules\axios\dist\node\axios.cjs:2842:20)
    at C:\Users\SS COMP\Downloads\AgriBazaar\Backend\node_modules\axios\dist\node\axios.cjs:2762:5
    at new Promise (<anonymous>)
    at wrapAsync (C:\Users\SS COMP\Downloads\AgriBazaar\Backend\node_modules\axios\dist\node\axios.cjs:2742:10)
    at http (C:\Users\SS COMP\Downloads\AgriBazaar\Backend\node_modules\axios\dist\node\axios.cjs:2780:10)
    at Axios.dispatchRequest (C:\Users\SS COMP\Downloads\AgriBazaar\Backend\node_modules\axios\dist\node\axios.cjs:4157:10)
    at Axios._request (C:\Users\SS COMP\Downloads\AgriBazaar\Backend\node_modules\axios\dist\node\axios.cjs:4457:33)
    at Axios.request (C:\Users\SS COMP\Downloads\AgriBazaar\Backend\node_modules\axios\dist\node\axios.cjs:4312:25)
    at Axios.httpMethod [as post] (C:\Users\SS COMP\Downloads\AgriBazaar\Backend\node_modules\axios\dist\node\axios.cjs:4496:19)
    at Axios.request (C:\Users\SS COMP\Downloads\AgriBazaar\Backend\node_modules\axios\dist\node\axios.cjs:4317:41)
    at process.processTicksAndRejections (node:internal/process/task_queues:105:5)
    at async cron.schedule.timezone (C:\Users\SS COMP\Downloads\AgriBazaar\Backend\jobs\escrowReleaseJob.js:15:30)
    at async Timeout._onTimeout (C:\Users\SS COMP\Downloads\AgriBazaar\Backend\node_modules\node-cron\dist\cjs\scheduler\runner.js:70:44)
2025-10-13 23:34:28 [[31MERROR[39M]: TypeError: Cannot read properties of undefined (reading 'role')
    at authenticateSeller (C:\Users\SS COMP\Downloads\AgriBazaar_starting again\Backend\middleware\authMiddleware.js:53:16)
    at Layer.handle [as handle_request] (C:\Users\SS COMP\Downloads\AgriBazaar_starting again\Backend\node_modules\express\lib\router\layer.js:95:5)
    at next (C:\Users\SS COMP\Downloads\AgriBazaar_starting again\Backend\node_modules\express\lib\router\route.js:149:13)
    at Route.dispatch (C:\Users\SS COMP\Downloads\AgriBazaar_starting again\Backend\node_modules\express\lib\router\route.js:119:3)
    at Layer.handle [as handle_request] (C:\Users\SS COMP\Downloads\AgriBazaar_starting again\Backend\node_modules\express\lib\router\layer.js:95:5)
    at C:\Users\SS COMP\Downloads\AgriBazaar_starting again\Backend\node_modules\express\lib\router\index.js:284:15
    at router.process_params (C:\Users\SS COMP\Downloads\AgriBazaar_starting again\Backend\node_modules\express\lib\router\index.js:346:12)
    at next (C:\Users\SS COMP\Downloads\AgriBazaar_starting again\Backend\node_modules\express\lib\router\index.js:280:10)
    at router.handle (C:\Users\SS COMP\Downloads\AgriBazaar_starting again\Backend\node_modules\express\lib\router\index.js:175:3)
    at router (C:\Users\SS COMP\Downloads\AgriBazaar_starting again\Backend\node_modules\express\lib\router\index.js:47:12)
2025-10-13 23:34:28 [[31MERROR[39M]: TypeError: Cannot read properties of undefined (reading 'role')
    at authenticateSeller (C:\Users\SS COMP\Downloads\AgriBazaar_starting again\Backend\middleware\authMiddleware.js:53:16)
    at Layer.handle [as handle_request] (C:\Users\SS COMP\Downloads\AgriBazaar_starting again\Backend\node_modules\express\lib\router\layer.js:95:5)
    at next (C:\Users\SS COMP\Downloads\AgriBazaar_starting again\Backend\node_modules\express\lib\router\route.js:149:13)
    at Route.dispatch (C:\Users\SS COMP\Downloads\AgriBazaar_starting again\Backend\node_modules\express\lib\router\route.js:119:3)
    at Layer.handle [as handle_request] (C:\Users\SS COMP\Downloads\AgriBazaar_starting again\Backend\node_modules\express\lib\router\layer.js:95:5)
    at C:\Users\SS COMP\Downloads\AgriBazaar_starting again\Backend\node_modules\express\lib\router\index.js:284:15
    at router.process_params (C:\Users\SS COMP\Downloads\AgriBazaar_starting again\Backend\node_modules\express\lib\router\index.js:346:12)
    at next (C:\Users\SS COMP\Downloads\AgriBazaar_starting again\Backend\node_modules\express\lib\router\index.js:280:10)
    at router.handle (C:\Users\SS COMP\Downloads\AgriBazaar_starting again\Backend\node_modules\express\lib\router\index.js:175:3)
    at router (C:\Users\SS COMP\Downloads\AgriBazaar_starting again\Backend\node_modules\express\lib\router\index.js:47:12)
2025-10-14 00:30:00 [[31MERROR[39M]: TypeError: Invalid URL
    at new URL (node:internal/url:826:25)
    at dispatchHttpRequest (C:\Users\SS COMP\Downloads\AgriBazaar_starting again\Backend\node_modules\axios\dist\node\axios.cjs:2842:20)
    at C:\Users\SS COMP\Downloads\AgriBazaar_starting again\Backend\node_modules\axios\dist\node\axios.cjs:2762:5
    at new Promise (<anonymous>)
    at wrapAsync (C:\Users\SS COMP\Downloads\AgriBazaar_starting again\Backend\node_modules\axios\dist\node\axios.cjs:2742:10)
    at http (C:\Users\SS COMP\Downloads\AgriBazaar_starting again\Backend\node_modules\axios\dist\node\axios.cjs:2780:10)
    at Axios.dispatchRequest (C:\Users\SS COMP\Downloads\AgriBazaar_starting again\Backend\node_modules\axios\dist\node\axios.cjs:4157:10)
    at Axios._request (C:\Users\SS COMP\Downloads\AgriBazaar_starting again\Backend\node_modules\axios\dist\node\axios.cjs:4457:33)
    at Axios.request (C:\Users\SS COMP\Downloads\AgriBazaar_starting again\Backend\node_modules\axios\dist\node\axios.cjs:4312:25)
    at Axios.httpMethod [as post] (C:\Users\SS COMP\Downloads\AgriBazaar_starting again\Backend\node_modules\axios\dist\node\axios.cjs:4496:19)
    at Axios.request (C:\Users\SS COMP\Downloads\AgriBazaar_starting again\Backend\node_modules\axios\dist\node\axios.cjs:4317:41)
    at process.processTicksAndRejections (node:internal/process/task_queues:105:5)
    at async cron.schedule.timezone (C:\Users\SS COMP\Downloads\AgriBazaar_starting again\Backend\jobs\escrowReleaseJob.js:15:30)
    at async Timeout._onTimeout (C:\Users\SS COMP\Downloads\AgriBazaar_starting again\Backend\node_modules\node-cron\dist\cjs\scheduler\runner.js:70:44)
2025-10-16 00:30:00 [[31MERROR[39M]: AxiosError: Request failed with status code 401
    at settle (C:\Users\SS COMP\Downloads\AgriBazaar_starting again\Backend\node_modules\axios\dist\node\axios.cjs:2090:12)
    at IncomingMessage.handleStreamEnd (C:\Users\SS COMP\Downloads\AgriBazaar_starting again\Backend\node_modules\axios\dist\node\axios.cjs:3207:11)
    at IncomingMessage.emit (node:events:520:35)
    at endReadableNT (node:internal/streams/readable:1701:12)
    at process.processTicksAndRejections (node:internal/process/task_queues:90:21)
    at Axios.request (C:\Users\SS COMP\Downloads\AgriBazaar_starting again\Backend\node_modules\axios\dist\node\axios.cjs:4317:41)
    at process.processTicksAndRejections (node:internal/process/task_queues:105:5)
    at async cron.schedule.timezone (C:\Users\SS COMP\Downloads\AgriBazaar_starting again\Backend\jobs\escrowReleaseJob.js:15:30)
    at async Timeout._onTimeout (C:\Users\SS COMP\Downloads\AgriBazaar_starting again\Backend\node_modules\node-cron\dist\cjs\scheduler\runner.js:70:44)
